------------------------------------------------------------------------------------------------------------------------

[2019-03-03 18:14:29 #1 store] 
Database 'C:\Users\Antonio\Desktop\Login_Register_Motak(Extends)\resources\bets.temp' is opened by 5364@Antonio-HP

[2019-03-03 18:14:30 #2 type] 
Type domain.Question is not enhanced.

[2019-03-03 18:14:30 #3 type] 
Type domain.Event is not enhanced.

[2019-03-03 18:14:30 #4 type] 
Type domain.User is not enhanced.

[2019-03-03 18:14:30 #5 type] 
Type domain.Erabiltzailea is not enhanced.

[2019-03-03 18:14:30 #6 type] 
Type domain.Admin is not enhanced.

[2019-03-03 18:14:30 #7 type] 
Type domain.Langilea is not enhanced.

------------------------------------------------------------------------------------------------------------------------

[2019-03-03 18:20:59 #1 store] 
Database 'C:\Users\Antonio\Desktop\Login_Register_Motak(Extends)\resources\bets.temp' is opened by 2384@Antonio-HP

[2019-03-03 18:20:59 #2 type] 
Type domain.Question is not enhanced.

[2019-03-03 18:20:59 #3 type] 
Type domain.Event is not enhanced.

[2019-03-03 18:20:59 #4 type] 
Type domain.User is not enhanced.

[2019-03-03 18:20:59 #5 type] 
Type domain.Erabiltzailea is not enhanced.

[2019-03-03 18:20:59 #6 type] 
Type domain.Admin is not enhanced.

[2019-03-03 18:20:59 #7 type] 
Type domain.Langilea is not enhanced.

------------------------------------------------------------------------------------------------------------------------

[2019-03-03 18:33:21 #1 store] 
Database 'C:\Users\Antonio\Desktop\Login_Register_Motak(Extends)\resources\bets.temp' is opened by 1112@Antonio-HP

[2019-03-03 18:33:22 #2 type] 
Type domain.Question is not enhanced.

[2019-03-03 18:33:22 #3 type] 
Type domain.Event is not enhanced.

[2019-03-03 18:33:22 #4 type] 
Type domain.User is not enhanced.

[2019-03-03 18:33:22 #5 type] 
Type domain.Erabiltzailea is not enhanced.

[2019-03-03 18:33:22 #6 type] 
Type domain.Admin is not enhanced.

[2019-03-03 18:33:22 #7 type] 
Type domain.Langilea is not enhanced.

------------------------------------------------------------------------------------------------------------------------

[2019-03-03 18:35:37 #1 store] 
Database 'C:\Users\Antonio\Desktop\Login_Register_Motak(Extends)\resources\bets.temp' is opened by 7528@Antonio-HP

[2019-03-03 18:35:38 #2 type] 
Type domain.Question is not enhanced.

[2019-03-03 18:35:38 #3 type] 
Type domain.Event is not enhanced.

[2019-03-03 18:35:38 #4 type] 
Type domain.User is not enhanced.

[2019-03-03 18:35:38 #5 type] 
Type domain.Erabiltzailea is not enhanced.

[2019-03-03 18:35:38 #6 type] 
Type domain.Admin is not enhanced.

[2019-03-03 18:35:38 #7 type] 
Type domain.Langilea is not enhanced.

